FANMOD 1.1 subgraph enumeration
-------------------------------

Network name: D:\Projects\Graduation Project\Pycode\network.txt
Network type: Directed
Number of nodes: 43
Number of edges: 650
Number of single edges: 132
Number of mutual edges: 518

Algorithm: enumeration
Subgraph size: 4

Generated 1000 random networks
   with locally constant number of bidirectional edges,
   3 exchanges per edge and 1000 tries per edge.

88625 subgraphs were enumerated in the original network.
90152167 subgraphs were enumerated in the random networks.
90240792 subgraphs were enumerated in all networks.

For the random networks: 1571067591 tries were made, 404454 were successful.
Randomization took 255.415 seconds.
Enumeration took 101.289 seconds.


Result overview:

   ID  Adj   Frequency     Mean-Freq  Standard-Dev    Z-Score  p-Value
            [Original]      [Random]      [Random]

31710 0111     23.199%       20.596%    0.00067987     38.282        0
      1011
      1101
      1110

27614 0110     13.185%       13.879%     0.0022506    -3.0862    0.997
      1011
      1101
      1110

13278 0011     6.9845%       9.3736%     0.0019167    -12.465        1
      0011
      1101
      1110

13214 0011     5.4601%       5.2258%     0.0015409     1.5207    0.063
      0011
      1001
      1110

 4958 0001      4.501%       4.4632%     0.0014119    0.26796     0.41
      0011
      0101
      1110

17238 0100     4.3735%       4.1626%     0.0014934      1.412    0.062
      0011
      0101
      0110

 9182 0010     3.7371%       3.0718%     0.0012631     5.2666        0
      0011
      1101
      1110

  862 0000     3.2113%       2.4481%    0.00094769     8.0533        0
      0011
      0101
      1110

25566 0110     2.8671%       2.3304%     0.0013431     3.9961        0
      0011
      1101
      1110

23006 0101     2.3718%        1.775%       0.00106     5.6306        0
      1001
      1101
      1110

 4510 0001     2.1529%       3.7338%     0.0014611     -10.82        1
      0001
      1001
      1110

17246 0100     1.7783%       1.6598%    0.00070518     1.6806    0.041
      0011
      0101
      1110

27340 0110     1.2525%       1.1822%    0.00062002      1.133    0.122
      1010
      1100
      1100

19422 0100     1.1058%      0.80529%    0.00090833     3.3081    0.001
      1011
      1101
      1110

 4438 0001     1.0449%       1.1706%    0.00080492    -1.5621    0.945
      0001
      0101
      0110

 4382 0001    0.98731%       1.7001%    0.00068408     -10.42        1
      0001
      0001
      1110

 6494 0001    0.95684%       1.5694%     0.0011692    -5.2397        1
      1001
      0101
      1110

  350 0000    0.93879%      0.77016%    0.00053737      3.138    0.004
      0001
      0101
      1110

  286 0000    0.82031%      0.82486%    0.00047233   -0.09639    0.514
      0001
      0001
      1110

 4380 0001    0.81918%      0.97116%    0.00067425    -2.2541    0.991
      0001
      0001
      1100

 6558 0001    0.80677%      0.93676%    0.00078587    -1.6541    0.959
      1001
      1001
      1110

 4492 0001    0.79661%      0.69811%    0.00068909     1.4296     0.09
      0001
      1000
      1100

19030 0100    0.69394%      0.40198%    0.00053271     5.4805        0
      1010
      0101
      0110

10974 0010    0.58674%            1%    0.00099894    -4.1372        1
      1010
      1101
      1110

16982 0100    0.58223%      0.65291%     0.0006893    -1.0254    0.849
      0010
      0101
      0110

 8606 0010    0.53597%      0.28662%    0.00050535     4.9342        0
      0001
      1001
      1110

 4694 0001    0.52581%      0.48692%    0.00068576    0.56709    0.259
      0010
      0101
      0110

 8598 0010    0.50099%       0.2737%    0.00035669     6.3722        0
      0001
      1001
      0110

25438 0110    0.44683%      0.34308%    0.00031895     3.2526        0
      0011
      0101
      1110

18782 0100    0.44006%      0.18485%    0.00044679      5.712        0
      1001
      0101
      1110

  990 0000    0.41749%      0.39452%    0.00029199    0.78658    0.209
      0011
      1101
      1110

 8906 0010    0.40846%      0.31017%    0.00033672     2.9192    0.004
      0010
      1100
      1010

 4574 0001    0.37574%      0.76373%    0.00075828    -5.1166        1
      0001
      1101
      1110

 8588 0010    0.37123%   0.00065115%   1.4032e-005     264.09        0
      0001
      1000
      1100

18568 0100     0.3701%       0.3304%    0.00038273     1.0372    0.146
      1000
      1000
      1000

19148 0100     0.3385%      0.24547%    0.00026011     3.5768        0
      1010
      1100
      1100

 4494 0001    0.31932%      0.24399%    0.00025655     2.9363    0.004
      0001
      1000
      1110

27084 0110    0.30804%      0.12192%    0.00028233     6.5922        0
      1001
      1100
      1100

10372 0010     0.2866%     0.077921%    0.00026891     7.7602        0
      1000
      1000
      0100

  284 0000    0.28209%      0.26482%    0.00035357    0.48839    0.321
      0001
      0001
      1100

18572 0100     0.2708%      0.24088%      0.000248     1.2067     0.12
      1000
      1000
      1100

 6302 0001    0.26855%      0.17272%    0.00020288     4.7233        0
      1000
      1001
      1110

  396 0000    0.26742%     0.048666%    0.00015869     13.785        0
      0001
      1000
      1100

19142 0100    0.26291%      0.19388%    0.00025699      2.686    0.007
      1010
      1100
      0110

 4442 0001     0.2347%      0.20125%    0.00027693     1.2079    0.117
      0001
      0101
      1010

27342 0110     0.2347%      0.14951%    0.00019923     4.2758        0
      1010
      1100
      1110

18504 0100    0.20762%       0.2426%    0.00023591     -1.483    0.928
      1000
      0100
      1000

17374 0100    0.20423%      0.21466%    0.00021583   -0.48321     0.68
      0011
      1101
      1110

21406 0101    0.20197%      0.28198%    0.00056634    -1.4127    0.919
      0011
      1001
      1110

 4766 0001    0.18843%      0.13074%    0.00017996     3.2057    0.001
      0010
      1001
      1110

  332 0000    0.18843%      0.22906%    0.00021739    -1.8689     0.96
      0001
      0100
      1100

 8670 0010    0.17038%     0.064851%    0.00021368     4.9386        0
      0001
      1101
      1110

17244 0100    0.16587%      0.13136%    0.00021856      1.579    0.068
      0011
      0101
      1100

27294 0110    0.16474%     0.067065%     0.0002076     4.7049        0
      1010
      1001
      1110

  858 0000    0.16135%      0.24248%    0.00042092    -1.9275    0.977
      0011
      0101
      1010

  602 0000    0.15458%      0.32458%    0.00049294    -3.4487        1
      0010
      0101
      1010

 6284 0001     0.1512%      0.15599%    0.00018079   -0.26501    0.599
      1000
      1000
      1100

  392 0000    0.14781%      0.11001%      0.000193      1.959    0.027
      0001
      1000
      1000

19166 0100     0.1354%     0.064573%    0.00021383     3.3124    0.001
      1010
      1101
      1110

   30 0000    0.13202%      0.10887%    0.00013584      1.704    0.039
      0000
      0001
      1110

 4810 0001    0.12186%   0.00063674%   1.3377e-005     90.625        0
      0010
      1100
      1010

16668 0100    0.12073%      0.13029%    0.00019206   -0.49735    0.684
      0001
      0001
      1100

  414 0000    0.11961%      0.13893%    0.00019121    -1.0108     0.84
      0001
      1001
      1110

16780 0100    0.11396%     0.039501%    0.00012351     6.0287        0
      0001
      1000
      1100

  606 0000    0.10945%        0.212%    0.00038893    -2.6368    0.997
      0010
      0101
      1110

  710 0000   0.099295%      0.09676%    0.00016228    0.15623    0.415
      0010
      1100
      0110

19038 0100   0.094781%     0.063633%    0.00030698     1.0147    0.147
      1010
      0101
      1110

19150 0100   0.093653%     0.072172%    0.00012934     1.6608    0.056
      1010
      1100
      1110

  390 0000   0.093653%     0.037353%    0.00014106     3.9913    0.001
      0001
      1000
      0110

  588 0000   0.092525%     0.062195%      0.000208     1.4581     0.08
      0010
      0100
      1100

 8862 0010    0.08914%      0.12516%     0.0002227    -1.6175    0.959
      0010
      1001
      1110

  714 0000   0.088011%     0.025384%   8.9644e-005     6.9862        0
      0010
      1100
      1010

18460 0100   0.086883%     0.025828%    0.00011361     5.3741    0.001
      1000
      0001
      1100

 4636 0001   0.085755%     0.025481%    9.842e-005     6.1241        0
      0010
      0001
      1100

  536 0000   0.083498%      0.08094%    0.00015675    0.16317    0.422
      0010
      0001
      1000

 4686 0001    0.08237%   0.00027178%   8.4449e-006     97.216        0
      0010
      0100
      1110

  666 0000   0.081241%     0.077637%    0.00013022    0.27679    0.381
      0010
      1001
      1010

 2398 0000   0.078984%     0.076737%    0.00014136    0.15901    0.412
      1001
      0101
      1110

17302 0100   0.076728%       0.0662%    0.00021568    0.48811    0.302
      0011
      1001
      0110

27082 0110   0.074471%     0.045396%    0.00011147     2.6082    0.008
      1001
      1100
      1010

  734 0000   0.074471%     0.069602%    0.00013602    0.35801    0.337
      0010
      1101
      1110

 6878 0001   0.072214%     0.044248%    0.00015678     1.7838    0.038
      1010
      1101
      1110

14942 0011   0.072214%     0.051171%    0.00019305     1.0901    0.131
      1010
      0101
      1110

18846 0100   0.069958%      0.08741%    0.00028936   -0.60313    0.728
      1001
      1001
      1110

  334 0000   0.068829%     0.077732%    0.00013386   -0.66507    0.733
      0001
      0100
      1110

27102 0110   0.068829%      0.94858%    0.00054273     -16.21        1
      1001
      1101
      1110

17094 0100   0.068829%     0.058743%    0.00012011    0.83975    0.181
      0010
      1100
      0110

19146 0100   0.065444%      0.12623%    0.00035229    -1.7254    0.971
      1010
      1100
      1010

  140 0000   0.064316%       0.0985%     0.0001619    -2.1114    0.987
      0000
      1000
      1100

19036 0100   0.064316%     0.059603%    0.00013403    0.35158     0.36
      1010
      0101
      1100

18894 0100   0.062059%     0.053229%     0.0001206    0.73218    0.231
      1001
      1100
      1110

 2116 0000   0.060931%     0.078695%    0.00014666    -1.2113    0.896
      1000
      0100
      0100

  662 0000   0.059803%     0.055779%    0.00010721    0.37533    0.352
      0010
      1001
      0110

10380 0010   0.058674%     0.050678%    0.00014639     0.5462    0.281
      1000
      1000
      1100

 5070 0001   0.058674%     0.050147%    0.00025628    0.33274     0.36
      0011
      1100
      1110

15052 0011   0.057546%     0.092319%    0.00027435    -1.2675    0.902
      1010
      1100
      1100

  398 0000   0.056417%     0.021369%   8.6006e-005     4.0752    0.002
      0001
      1000
      1110

 6606 0001   0.053032%     0.052007%    0.00013197   0.077678    0.463
      1001
      1100
      1110

17358 0100   0.051904%     0.031536%    0.00010059     2.0248    0.038
      0011
      1100
      1110

18636 0100   0.051904%     0.025933%   6.8784e-005     3.7757    0.002
      1000
      1100
      1100

17310 0100   0.049647%     0.029564%   8.5711e-005     2.3432    0.015
      0011
      1001
      1110

 2188 0000   0.044006%     0.066174%   8.8208e-005    -2.5132    0.992
      1000
      1000
      1100

 2202 0000   0.042877%      0.01284%   5.4703e-005     5.4909        0
      1000
      1001
      1010

  158 0000   0.039492%     0.044612%   8.1587e-005    -0.6275    0.716
      0000
      1001
      1110

 8650 0010   0.039492%     0.017031%    6.471e-005     3.4711    0.002
      0001
      1100
      1010

17100 0100   0.038364%     0.023021%   7.0747e-005     2.1687    0.023
      0010
      1100
      1100

10312 0010   0.038364%     0.045839%    0.00010513   -0.71101    0.757
      1000
      0100
      1000

 2458 0000   0.038364%     0.011999%   4.5215e-005     5.8311        0
      1001
      1001
      1010

 8910 0010   0.037236%     0.042071%    0.00010816   -0.44704     0.66
      0010
      1100
      1110

 3038 0000   0.037236%     0.040486%   7.8653e-005   -0.41332    0.638
      1011
      1101
      1110

 2124 0000   0.036107%     0.054694%   8.8067e-005    -2.1105    0.986
      1000
      0100
      1100

18634 0100   0.036107%     0.032816%   9.0732e-005    0.36276    0.342
      1000
      1100
      1010

 4814 0001   0.036107%   0.00027614%   7.3529e-006      48.73        0
      0010
      1100
      1110

 8908 0010   0.036107%     0.059818%    0.00020848    -1.1373    0.903
      0010
      1100
      1100

17356 0100   0.034979%     0.021614%   8.0029e-005       1.67    0.055
      0011
      1100
      1100

 2184 0000   0.034979%     0.047146%    0.00010049    -1.2109    0.897
      1000
      1000
      1000

19034 0100   0.032722%     0.076272%    0.00033923    -1.2838    0.922
      1010
      0101
      1010

17046 0100   0.032722%     0.011302%   4.7088e-005     4.5489        0
      0010
      1001
      0110

 2782 0000   0.031594%     0.019322%   6.4518e-005     1.9021    0.038
      1010
      1101
      1110

18518 0100   0.030465%   0.00047592%   9.3607e-006     32.038        0
      1000
      0101
      0110

18590 0100   0.029337%     0.000478%   1.0324e-005     27.952        0
      1000
      1001
      1110

17098 0100   0.029337%     0.018907%   7.0622e-005     1.4769    0.072
      0010
      1100
      1010

  716 0000   0.029337%     0.024324%   7.7406e-005    0.64766    0.253
      0010
      1100
      1100

 2076 0000   0.028209%     0.043108%    0.00010148    -1.4681    0.939
      1000
      0001
      1100

  150 0000    0.02708%     0.049047%   9.9874e-005    -2.1994    0.987
      0000
      1001
      0110

 8844 0010    0.02708%     0.039797%    0.00011933    -1.0656    0.862
      0010
      1000
      1100

  974 0000    0.02708%      0.03854%    0.00013936   -0.82227    0.769
      0011
      1100
      1110

10398 0010    0.02708%     0.071765%    0.00021142    -2.1135    0.996
      1000
      1001
      1110

17118 0100   0.025952%     0.034065%   8.2258e-005   -0.98623     0.84
      0010
      1101
      1110

18582 0100   0.024824%     0.000305%   7.0129e-006     34.962        0
      1000
      1001
      0110

 2198 0000   0.024824%     0.014093%   5.4168e-005      1.981    0.034
      1000
      1001
      0110

16986 0100   0.023695%     0.075253%    0.00019633    -2.6261    0.999
      0010
      0101
      1010

16798 0100   0.023695%     0.039224%    0.00010331    -1.5031     0.94
      0001
      1001
      1110

19094 0100   0.023695%   0.00032718%   6.4701e-006     36.117        0
      1010
      1001
      0110

  604 0000   0.023695%     0.026716%    0.00010141   -0.29784    0.571
      0010
      0101
      1100

   28 0000   0.023695%     0.052178%    0.00011068    -2.5734    0.998
      0000
      0001
      1100

  718 0000   0.021439%     0.015804%   5.5471e-005     1.0158     0.13
      0010
      1100
      1110

 4558 0001   0.021439%      0.03035%   9.8482e-005   -0.90486    0.827
      0001
      1100
      1110

 4748 0001    0.02031%     0.023522%   7.8725e-005     -0.408    0.604
      0010
      1000
      1100

 2206 0000    0.02031%    0.0092713%   3.8767e-005     2.8476    0.004
      1000
      1001
      1110

 6286 0001   0.018054%     0.022245%   6.4194e-005   -0.65289     0.72
      1000
      1000
      1110

  462 0000   0.018054%     0.013474%   5.0917e-005    0.89945     0.17
      0001
      1100
      1110

  972 0000   0.016925%     0.025367%    0.00010583   -0.79771    0.765
      0011
      1100
      1100

 2134 0000   0.016925%    0.0088049%   5.1787e-005      1.568    0.066
      1000
      0101
      0110

   74 0000   0.016925%     0.071385%    0.00013048    -4.1738        1
      0000
      0100
      1010

  590 0000   0.016925%     0.019399%   8.4051e-005   -0.29432    0.542
      0010
      0100
      1110

18574 0100   0.016925%     0.030442%   7.5624e-005    -1.7874    0.966
      1000
      1000
      1110

 2758 0000   0.016925%     0.015353%   5.0206e-005    0.31318    0.334
      1010
      1100
      0110

19102 0100   0.015797%    0.0002229%   7.5478e-006     20.634    0.001
      1010
      1001
      1110

  924 0000   0.015797%     0.010042%   4.4841e-005     1.2834    0.095
      0011
      1001
      1100

  652 0000   0.015797%     0.030761%   8.3342e-005    -1.7955    0.982
      0010
      1000
      1100

 2142 0000   0.015797%    0.0083072%   4.0195e-005     1.8634    0.043
      1000
      0101
      1110

  670 0000   0.015797%     0.021507%   6.1985e-005   -0.92118    0.817
      0010
      1001
      1110

 6222 0001   0.014669%     0.014453%   5.6849e-005   0.037836    0.419
      1000
      0100
      1110

 8538 0010   0.014669%     0.014525%   5.1532e-005   0.027924    0.432
      0001
      0101
      1010

19098 0100   0.014669%   0.00058236%   9.0411e-006      15.58        0
      1010
      1001
      1010

 8652 0010   0.014669%   0.00019078%    5.642e-006     25.661        0
      0001
      1100
      1100

 2462 0000   0.014669%     0.014504%   5.9198e-005   0.027836    0.468
      1001
      1001
      1110

  540 0000    0.01354%     0.033219%   8.5016e-005    -2.3147    0.993
      0010
      0001
      1100

13262 0011    0.01354%       1.0274%    0.00041295    -24.552        1
      0011
      1100
      1110

17102 0100    0.01354%      0.01399%   4.9058e-005  -0.091645    0.478
      0010
      1100
      1110

16924 0100   0.011283%     0.015695%   4.8314e-005   -0.91317    0.812
      0010
      0001
      1100

 4554 0001   0.011283%      0.01781%   6.7298e-005   -0.96983    0.809
      0001
      1100
      1010

17036 0100   0.011283%     0.019112%   5.2562e-005    -1.4894    0.927
      0010
      1000
      1100

17050 0100   0.011283%     0.010413%   4.4835e-005    0.19421    0.375
      0010
      1001
      1010

 2118 0000   0.011283%     0.039974%   9.3695e-005    -3.0621        1
      1000
      0100
      0110

17306 0100   0.010155%    0.0036584%   2.6608e-005     2.4417    0.019
      0011
      1001
      1010

 6350 0001   0.010155%     0.011356%   4.3188e-005   -0.27795     0.57
      1000
      1100
      1110

17308 0100   0.010155%    0.0076495%   3.5194e-005    0.71195    0.195
      0011
      1001
      1100

18638 0100  0.0090268%     0.011582%   4.4961e-005   -0.56829    0.655
      1000
      1100
      1110

17054 0100  0.0090268%    0.0061997%   3.0774e-005    0.91868     0.14
      0010
      1001
      1110

16838 0100  0.0078984%     0.020006%   6.6435e-005    -1.8224    0.968
      0001
      1100
      0110

 2204 0000  0.0078984%     0.020842%   5.4422e-005    -2.3783    0.998
      1000
      1001
      1100

19100 0100  0.0078984%     0.014173%   4.7101e-005    -1.3322    0.904
      1010
      1001
      1100

 6862 0001  0.0078984%  8.5395e-005%   3.3488e-006     23.331        0
      1010
      1100
      1110

 2510 0000  0.0078984%    0.0059746%    2.882e-005    0.66754    0.197
      1001
      1100
      1110

 2182 0000  0.0067701%      0.01562%   5.0312e-005     -1.759    0.979
      1000
      1000
      0110

18654 0100  0.0067701%   0.00011424%    3.977e-006     16.736        0
      1000
      1101
      1110

  202 0000  0.0067701%     0.038872%   7.0786e-005    -4.5351        1
      0000
      1100
      1010

 2252 0000  0.0067701%     0.012738%   4.1496e-005    -1.4382    0.917
      1000
      1100
      1100

  142 0000  0.0056417%     0.034036%   8.1683e-005    -3.4762        1
      0000
      1000
      1110

 2140 0000  0.0056417%     0.018743%   5.9558e-005    -2.1998    0.994
      1000
      0101
      1100

  668 0000  0.0045134%     0.016252%   5.1347e-005    -2.2861    0.992
      0010
      1001
      1100

16842 0100  0.0045134%    0.0088756%   4.1332e-005    -1.0554    0.824
      0001
      1100
      1010

  204 0000  0.0045134%     0.009409%    4.208e-005    -1.1634    0.868
      0000
      1100
      1100

 2270 0000   0.003385%    0.0023273%   1.8173e-005    0.58206    0.192
      1000
      1101
      1110

 2190 0000   0.003385%    0.0093406%   3.2776e-005     -1.817    0.967
      1000
      1000
      1110

25500 0110  0.0022567%  4.7678e-005%   2.3574e-006     9.3705        0
      0011
      1001
      1100

 2126 0000  0.0022567%     0.016952%   5.1277e-005     -2.866        1
      1000
      0100
      1110

  222 0000  0.0022567%    0.0039112%   2.2358e-005      -0.74     0.64
      0000
      1101
      1110

 8732 0010  0.0022567%    0.0080772%   4.1896e-005    -1.3893    0.919
      0010
      0001
      1100

  206 0000  0.0022567%    0.0084307%    3.328e-005    -1.8552    0.971
      0000
      1100
      1110

 2254 0000  0.0011283%     0.010451%   4.6517e-005    -2.0041    0.993
      1000
      1100
      1110

   14 0000  0.0011283%     0.012507%   5.1829e-005    -2.1954    0.999
      0000
      0000
      1110

17038 0100  0.0011283%    0.0031357%   2.0398e-005   -0.98407     0.74
      0010
      1000
      1110

 2766 0000  0.0011283%    0.0038555%    2.449e-005    -1.1136    0.816
      1010
      1100
      1110

16920 0100  0.0011283%    0.0064057%   3.4663e-005    -1.5225    0.936
      0010
      0001
      1000

