FANMOD 1.1 subgraph enumeration
-------------------------------

Network name: D:\Projects\Graduation Project\Pycode\network.txt
Network type: Directed
Number of nodes: 43
Number of edges: 650
Number of single edges: 132
Number of mutual edges: 518

Algorithm: enumeration
Subgraph size: 4

Generated 1000 random networks
   with locally constant number of bidirectional edges,
   3 exchanges per edge and 3 tries per edge.

88625 subgraphs were enumerated in the original network.
89849612 subgraphs were enumerated in the random networks.
89938237 subgraphs were enumerated in all networks.

For the random networks: 5767878 tries were made, 79709 were successful.
Randomization took 1.141 seconds.
Enumeration took 100.713 seconds.


Result overview:

   ID  Adj   Frequency     Mean-Freq  Standard-Dev    Z-Score  p-Value
            [Original]      [Random]      [Random]

31710 0111     23.199%       20.877%     0.0024866      9.337        0
      1011
      1101
      1110

27614 0110     13.185%       14.145%     0.0038362    -2.5023    0.992
      1011
      1101
      1110

13278 0011     6.9845%       8.9778%     0.0028851    -6.9092        1
      0011
      1101
      1110

13214 0011     5.4601%       5.2692%     0.0021585    0.88456    0.177
      0011
      1001
      1110

 4958 0001      4.501%       4.8141%     0.0017704    -1.7683    0.971
      0011
      0101
      1110

17238 0100     4.3735%       4.1446%     0.0018722     1.2226    0.106
      0011
      0101
      0110

 9182 0010     3.7371%       3.2328%     0.0020604     2.4477     0.03
      0011
      1101
      1110

  862 0000     3.2113%       2.4539%     0.0013974     5.4197        0
      0011
      0101
      1110

25566 0110     2.8671%       2.4321%     0.0017426     2.4964    0.012
      0011
      1101
      1110

23006 0101     2.3718%       1.8115%     0.0013431     4.1719        0
      1001
      1101
      1110

 4510 0001     2.1529%       3.3632%      0.002463    -4.9139        1
      0001
      1001
      1110

17246 0100     1.7783%       1.5868%    0.00092541     2.0687    0.019
      0011
      0101
      1110

27340 0110     1.2525%       1.1504%    0.00066505     1.5352    0.063
      1010
      1100
      1100

19422 0100     1.1058%      0.91012%     0.0010264     1.9063    0.022
      1011
      1101
      1110

 4438 0001     1.0449%       1.1356%    0.00091946   -0.98706    0.833
      0001
      0101
      0110

 4382 0001    0.98731%        1.465%     0.0011507    -4.1511        1
      0001
      0001
      1110

 6494 0001    0.95684%       1.3877%     0.0014998    -2.8726    0.994
      1001
      0101
      1110

  350 0000    0.93879%      0.75532%    0.00070634     2.5974    0.007
      0001
      0101
      1110

  286 0000    0.82031%      0.77815%    0.00069587    0.60591    0.282
      0001
      0001
      1110

 4380 0001    0.81918%       1.0053%    0.00084358    -2.2057    0.986
      0001
      0001
      1100

 6558 0001    0.80677%      0.83862%    0.00089999   -0.35388     0.65
      1001
      1001
      1110

 4492 0001    0.79661%       0.7997%    0.00093485  -0.032948    0.495
      0001
      1000
      1100

19030 0100    0.69394%      0.49295%    0.00070635     2.8454    0.003
      1010
      0101
      0110

10974 0010    0.58674%      0.87468%     0.0011796    -2.4409    0.991
      1010
      1101
      1110

16982 0100    0.58223%      0.66624%    0.00072783    -1.1543    0.873
      0010
      0101
      0110

 8606 0010    0.53597%      0.32254%    0.00054774     3.8965        0
      0001
      1001
      1110

 4694 0001    0.52581%      0.51435%     0.0007802    0.14694    0.438
      0010
      0101
      0110

 8598 0010    0.50099%      0.22373%    0.00048026      5.773        0
      0001
      1001
      0110

25438 0110    0.44683%      0.33188%    0.00035789     3.2117    0.002
      0011
      0101
      1110

18782 0100    0.44006%      0.23205%    0.00046734     4.4509        0
      1001
      0101
      1110

  990 0000    0.41749%       0.3733%    0.00034022      1.299    0.102
      0011
      1101
      1110

 8906 0010    0.40846%      0.37397%    0.00040199    0.85806    0.194
      0010
      1100
      1010

 4574 0001    0.37574%      0.67549%    0.00090838    -3.2998    0.999
      0001
      1101
      1110

 8588 0010    0.37123%     0.013473%    0.00012176     29.383        0
      0001
      1000
      1100

18568 0100     0.3701%      0.30523%    0.00037708     1.7202     0.05
      1000
      1000
      1000

19148 0100     0.3385%      0.26281%    0.00026074     2.9031        0
      1010
      1100
      1100

 4494 0001    0.31932%      0.27352%    0.00038319     1.1953    0.124
      0001
      1000
      1110

27084 0110    0.30804%      0.18057%    0.00040748     3.1283        0
      1001
      1100
      1100

10372 0010     0.2866%      0.11274%    0.00039035      4.454    0.001
      1000
      1000
      0100

  284 0000    0.28209%      0.27181%    0.00038176    0.26931    0.383
      0001
      0001
      1100

18572 0100     0.2708%      0.22302%    0.00026433     1.8077    0.037
      1000
      1000
      1100

 6302 0001    0.26855%      0.18653%    0.00025182     3.2571    0.003
      1000
      1001
      1110

  396 0000    0.26742%     0.076466%    0.00025144     7.5942        0
      0001
      1000
      1100

19142 0100    0.26291%      0.20954%    0.00027726     1.9247     0.03
      1010
      1100
      0110

 4442 0001     0.2347%      0.24292%    0.00033985   -0.24188    0.575
      0001
      0101
      1010

27342 0110     0.2347%      0.14914%    0.00021044     4.0655        0
      1010
      1100
      1110

18504 0100    0.20762%      0.23517%    0.00025397     -1.085    0.866
      1000
      0100
      1000

17374 0100    0.20423%      0.20629%    0.00023724  -0.086714     0.53
      0011
      1101
      1110

21406 0101    0.20197%      0.24741%     0.0005882   -0.77244    0.764
      0011
      1001
      1110

 4766 0001    0.18843%      0.14419%    0.00021402     2.0674    0.027
      0010
      1001
      1110

  332 0000    0.18843%       0.2261%    0.00022228    -1.6947    0.948
      0001
      0100
      1100

 8670 0010    0.17038%     0.074338%    0.00022158     4.3344        0
      0001
      1101
      1110

17244 0100    0.16587%      0.14549%     0.0002273    0.89651    0.168
      0011
      0101
      1100

27294 0110    0.16474%      0.10495%    0.00031591     1.8927    0.041
      1010
      1001
      1110

  858 0000    0.16135%       0.2469%    0.00045444    -1.8824    0.982
      0011
      0101
      1010

  602 0000    0.15458%       0.3459%    0.00062557    -3.0583        1
      0010
      0101
      1010

 6284 0001     0.1512%      0.14388%    0.00019041    0.38423     0.34
      1000
      1000
      1100

  392 0000    0.14781%      0.11704%    0.00021473     1.4329    0.082
      0001
      1000
      1000

19166 0100     0.1354%     0.099399%    0.00025798     1.3956    0.095
      1010
      1101
      1110

   30 0000    0.13202%       0.1058%    0.00016118     1.6264    0.061
      0000
      0001
      1110

 4810 0001    0.12186%    0.0090981%   7.6096e-005     14.819        0
      0010
      1100
      1010

16668 0100    0.12073%      0.12433%    0.00019227   -0.18688    0.566
      0001
      0001
      1100

  414 0000    0.11961%       0.1572%    0.00024135    -1.5578     0.94
      0001
      1001
      1110

16780 0100    0.11396%     0.050921%    0.00015509      4.065        0
      0001
      1000
      1100

  606 0000    0.10945%      0.22415%    0.00048464    -2.3666    0.998
      0010
      0101
      1110

  710 0000   0.099295%     0.092394%    0.00015641    0.44116    0.317
      0010
      1100
      0110

19038 0100   0.094781%      0.10358%     0.0003468   -0.25385    0.585
      1010
      0101
      1110

19150 0100   0.093653%     0.077752%    0.00013374      1.189    0.104
      1010
      1100
      1110

  390 0000   0.093653%     0.055213%    0.00019773      1.944    0.043
      0001
      1000
      0110

  588 0000   0.092525%     0.087982%    0.00029326    0.15492    0.386
      0010
      0100
      1100

 8862 0010    0.08914%      0.13823%    0.00023867    -2.0569    0.982
      0010
      1001
      1110

  714 0000   0.088011%     0.034509%    0.00011594     4.6148        0
      0010
      1100
      1010

18460 0100   0.086883%     0.033356%    0.00014213      3.766    0.005
      1000
      0001
      1100

 4636 0001   0.085755%     0.033377%    0.00012227     4.2836        0
      0010
      0001
      1100

  536 0000   0.083498%     0.087048%    0.00017904   -0.19831    0.566
      0010
      0001
      1000

 4686 0001    0.08237%    0.0036843%   4.2773e-005     18.396        0
      0010
      0100
      1110

  666 0000   0.081241%     0.082298%    0.00014304  -0.073882    0.504
      0010
      1001
      1010

 2398 0000   0.078984%     0.089223%    0.00015523   -0.65958    0.738
      1001
      0101
      1110

17302 0100   0.076728%     0.068675%    0.00023361     0.3447    0.331
      0011
      1001
      0110

27082 0110   0.074471%     0.050795%    0.00012007     1.9718    0.033
      1001
      1100
      1010

  734 0000   0.074471%     0.080774%    0.00014721   -0.42817    0.666
      0010
      1101
      1110

 6878 0001   0.072214%     0.067391%    0.00020473    0.23561    0.401
      1010
      1101
      1110

14942 0011   0.072214%     0.072261%    0.00022644 -0.0020376    0.507
      1010
      0101
      1110

18846 0100   0.069958%      0.12281%    0.00032432    -1.6297    0.949
      1001
      1001
      1110

  334 0000   0.068829%     0.069826%    0.00013186   -0.07557    0.523
      0001
      0100
      1110

27102 0110   0.068829%      0.71964%     0.0015761    -4.1292        1
      1001
      1101
      1110

17094 0100   0.068829%     0.053454%    0.00011527     1.3339    0.099
      0010
      1100
      0110

19146 0100   0.065444%      0.12515%    0.00034313      -1.74    0.972
      1010
      1100
      1010

  140 0000   0.064316%      0.10192%    0.00018139    -2.0734    0.982
      0000
      1000
      1100

19036 0100   0.064316%      0.07146%    0.00014695   -0.48615    0.667
      1010
      0101
      1100

18894 0100   0.062059%     0.061652%     0.0001216   0.033506    0.472
      1001
      1100
      1110

 2116 0000   0.060931%     0.072324%    0.00014728   -0.77357     0.79
      1000
      0100
      0100

  662 0000   0.059803%      0.05689%    0.00010419    0.27956    0.373
      0010
      1001
      0110

10380 0010   0.058674%     0.062285%     0.0001692   -0.21343    0.546
      1000
      1000
      1100

 5070 0001   0.058674%     0.072549%    0.00027097   -0.51203    0.679
      0011
      1100
      1110

15052 0011   0.057546%      0.12039%    0.00031131    -2.0186     0.99
      1010
      1100
      1100

  398 0000   0.056417%     0.024881%   9.6594e-005     3.2648    0.003
      0001
      1000
      1110

 6606 0001   0.053032%     0.055613%    0.00013864   -0.18613    0.558
      1001
      1100
      1110

17358 0100   0.051904%     0.038499%    0.00011191     1.1979    0.129
      0011
      1100
      1110

18636 0100   0.051904%     0.023832%   6.8483e-005     4.0991    0.003
      1000
      1100
      1100

17310 0100   0.049647%     0.034225%   9.8235e-005       1.57    0.067
      0011
      1001
      1110

 2188 0000   0.044006%     0.061052%   9.2636e-005    -1.8401    0.965
      1000
      1000
      1100

 2202 0000   0.042877%     0.019805%   7.3925e-005      3.121    0.004
      1000
      1001
      1010

  158 0000   0.039492%     0.041982%   8.4329e-005   -0.29526    0.597
      0000
      1001
      1110

 8650 0010   0.039492%     0.017577%   6.7815e-005     3.2317        0
      0001
      1100
      1010

17100 0100   0.038364%      0.02403%   7.5594e-005     1.8961    0.039
      0010
      1100
      1100

10312 0010   0.038364%     0.042723%    0.00010957   -0.39783    0.646
      1000
      0100
      1000

 2458 0000   0.038364%     0.014616%   5.4041e-005     4.3944        0
      1001
      1001
      1010

 8910 0010   0.037236%     0.048353%    0.00011209   -0.99181    0.837
      0010
      1100
      1110

 3038 0000   0.037236%      0.03787%   8.2858e-005  -0.076609    0.506
      1011
      1101
      1110

 2124 0000   0.036107%     0.050063%   9.0548e-005    -1.5412     0.94
      1000
      0100
      1100

18634 0100   0.036107%     0.033656%   8.9952e-005    0.27252    0.377
      1000
      1100
      1010

 4814 0001   0.036107%    0.0030609%   3.8825e-005     8.5116        0
      0010
      1100
      1110

 8908 0010   0.036107%     0.067587%    0.00022796    -1.3809    0.938
      0010
      1100
      1100

17356 0100   0.034979%     0.025794%   9.7758e-005    0.93956    0.154
      0011
      1100
      1100

 2184 0000   0.034979%     0.040453%   9.4092e-005   -0.58184    0.703
      1000
      1000
      1000

19034 0100   0.032722%     0.098971%    0.00034687    -1.9099    0.994
      1010
      0101
      1010

17046 0100   0.032722%     0.012207%   5.2735e-005     3.8902    0.001
      0010
      1001
      0110

 2782 0000   0.031594%     0.026946%   7.9366e-005     0.5856    0.266
      1010
      1101
      1110

18518 0100   0.030465%    0.0068903%   5.3905e-005     4.3734    0.003
      1000
      0101
      0110

18590 0100   0.029337%    0.0046748%   4.6836e-005     5.2657    0.002
      1000
      1001
      1110

17098 0100   0.029337%     0.019782%   6.8862e-005     1.3875    0.081
      0010
      1100
      1010

  716 0000   0.029337%     0.025871%   8.3463e-005    0.41533    0.313
      0010
      1100
      1100

 2076 0000   0.028209%     0.041596%    0.00010173    -1.3159     0.91
      1000
      0001
      1100

  150 0000    0.02708%     0.049747%    0.00010924    -2.0749    0.989
      0000
      1001
      0110

 8844 0010    0.02708%     0.040526%    0.00011888     -1.131    0.876
      0010
      1000
      1100

  974 0000    0.02708%     0.042374%    0.00015047    -1.0164    0.845
      0011
      1100
      1110

10398 0010    0.02708%     0.082991%    0.00024806    -2.2539        1
      1000
      1001
      1110

17118 0100   0.025952%     0.042011%   9.5372e-005    -1.6838    0.954
      0010
      1101
      1110

18582 0100   0.024824%    0.0022325%   2.8139e-005     8.0285    0.001
      1000
      1001
      0110

 2198 0000   0.024824%      0.01547%   5.8681e-005     1.5941    0.062
      1000
      1001
      0110

16986 0100   0.023695%     0.086381%     0.0002276    -2.7542        1
      0010
      0101
      1010

16798 0100   0.023695%     0.049622%    0.00012544    -2.0669    0.985
      0001
      1001
      1110

19094 0100   0.023695%    0.0037499%   3.9733e-005     5.0199    0.003
      1010
      1001
      0110

  604 0000   0.023695%     0.032297%     0.0001235   -0.69645    0.724
      0010
      0101
      1100

   28 0000   0.023695%     0.051059%    0.00011238     -2.435    0.994
      0000
      0001
      1100

  718 0000   0.021439%     0.015754%   5.4805e-005     1.0373    0.142
      0010
      1100
      1110

 4558 0001   0.021439%     0.034678%    0.00010794    -1.2266      0.9
      0001
      1100
      1110

 4748 0001    0.02031%     0.025536%   8.7114e-005   -0.59988    0.695
      0010
      1000
      1100

 2206 0000    0.02031%     0.010558%    4.166e-005      2.341    0.016
      1000
      1001
      1110

 6286 0001   0.018054%     0.018422%   6.1051e-005  -0.060382     0.47
      1000
      1000
      1110

  462 0000   0.018054%     0.012207%   5.1264e-005     1.1404    0.107
      0001
      1100
      1110

  972 0000   0.016925%     0.026154%    0.00011072   -0.83347    0.786
      0011
      1100
      1100

 2134 0000   0.016925%     0.012335%    6.299e-005    0.72874    0.197
      1000
      0101
      0110

   74 0000   0.016925%     0.075555%    0.00016561    -3.5402        1
      0000
      0100
      1010

  590 0000   0.016925%     0.022926%   9.3988e-005   -0.63846    0.705
      0010
      0100
      1110

18574 0100   0.016925%     0.029804%   7.3479e-005    -1.7528    0.965
      1000
      1000
      1110

 2758 0000   0.016925%     0.014123%   4.9229e-005    0.56913    0.247
      1010
      1100
      0110

19102 0100   0.015797%    0.0029519%   3.3805e-005     3.7998    0.012
      1010
      1001
      1110

  924 0000   0.015797%      0.01052%   4.3801e-005     1.2048    0.108
      0011
      1001
      1100

  652 0000   0.015797%     0.028818%   8.1791e-005    -1.5919    0.944
      0010
      1000
      1100

 2142 0000   0.015797%    0.0087252%   3.9458e-005     1.7922    0.042
      1000
      0101
      1110

  670 0000   0.015797%     0.019573%   5.7317e-005   -0.65877    0.713
      0010
      1001
      1110

 6222 0001   0.014669%     0.013956%   5.4521e-005     0.1306    0.398
      1000
      0100
      1110

 8538 0010   0.014669%     0.013442%   4.9018e-005    0.25029    0.353
      0001
      0101
      1010

19098 0100   0.014669%    0.0061655%   5.0419e-005     1.6865    0.076
      1010
      1001
      1010

 8652 0010   0.014669%    0.0022293%    2.976e-005     4.1799    0.011
      0001
      1100
      1100

 2462 0000   0.014669%     0.019076%   6.7212e-005   -0.65582    0.711
      1001
      1001
      1110

  540 0000    0.01354%     0.031529%   9.5581e-005    -1.8821    0.976
      0010
      0001
      1100

13262 0011    0.01354%      0.66243%     0.0014267    -4.5481        1
      0011
      1100
      1110

17102 0100    0.01354%     0.013562%    4.805e-005 -0.0045985    0.444
      0010
      1100
      1110

16924 0100   0.011283%     0.013863%   4.9803e-005   -0.51793    0.653
      0010
      0001
      1100

 4554 0001   0.011283%     0.017172%   6.4128e-005    -0.9182    0.798
      0001
      1100
      1010

17036 0100   0.011283%     0.016019%   5.3855e-005   -0.87935    0.775
      0010
      1000
      1100

17050 0100   0.011283%     0.012404%   5.1999e-005   -0.21553     0.52
      0010
      1001
      1010

 2118 0000   0.011283%     0.037792%    9.674e-005    -2.7402    0.999
      1000
      0100
      0110

17306 0100   0.010155%    0.0038723%   2.6586e-005     2.3633    0.019
      0011
      1001
      1010

 6350 0001   0.010155%     0.010466%   4.2893e-005  -0.072565    0.461
      1000
      1100
      1110

17308 0100   0.010155%    0.0073165%   3.4716e-005    0.81767    0.174
      0011
      1001
      1100

18638 0100  0.0090268%     0.011214%   4.2451e-005   -0.51532    0.641
      1000
      1100
      1110

17054 0100  0.0090268%      0.00592%   3.1159e-005    0.99707    0.131
      0010
      1001
      1110

16838 0100  0.0078984%     0.020453%   6.8547e-005    -1.8315    0.976
      0001
      1100
      0110

 2204 0000  0.0078984%     0.018618%   5.4183e-005    -1.9784    0.985
      1000
      1001
      1100

19100 0100  0.0078984%     0.013323%   4.5775e-005     -1.185    0.867
      1010
      1001
      1100

 6862 0001  0.0078984%    0.0014849%   1.9442e-005     3.2988    0.009
      1010
      1100
      1110

 2510 0000  0.0078984%    0.0061671%   2.9905e-005    0.57895    0.209
      1001
      1100
      1110

 2182 0000  0.0067701%     0.014464%   5.1785e-005    -1.4857    0.924
      1000
      1000
      0110

18654 0100  0.0067701%    0.0008103%   1.1982e-005     4.9738    0.003
      1000
      1101
      1110

  202 0000  0.0067701%     0.035814%   8.0442e-005    -3.6106    0.999
      0000
      1100
      1010

 2252 0000  0.0067701%     0.010898%   4.2969e-005   -0.96066    0.802
      1000
      1100
      1100

  142 0000  0.0056417%     0.031316%   8.5957e-005    -2.9869        1
      0000
      1000
      1110

 2140 0000  0.0056417%     0.016035%   5.8305e-005    -1.7826    0.975
      1000
      0101
      1100

  668 0000  0.0045134%      0.01364%   5.0358e-005    -1.8123    0.972
      0010
      1001
      1100

16842 0100  0.0045134%    0.0072383%   3.8344e-005   -0.71064    0.694
      0001
      1100
      1010

  204 0000  0.0045134%    0.0080562%   3.8798e-005   -0.91313    0.765
      0000
      1100
      1100

 2270 0000   0.003385%    0.0024608%   1.7684e-005    0.52263    0.188
      1000
      1101
      1110

 2190 0000   0.003385%     0.008138%   3.2891e-005     -1.445    0.914
      1000
      1000
      1110

25500 0110  0.0022567%    0.0005276%   1.0028e-005     1.7243    0.031
      0011
      1001
      1100

 2126 0000  0.0022567%     0.014106%   4.7501e-005    -2.4946    0.997
      1000
      0100
      1110

  222 0000  0.0022567%    0.0032967%   2.2243e-005   -0.46756    0.524
      0000
      1101
      1110

 8732 0010  0.0022567%    0.0068212%   4.2049e-005    -1.0855    0.838
      0010
      0001
      1100

  206 0000  0.0022567%    0.0068332%   3.2861e-005    -1.3927    0.904
      0000
      1100
      1110

 2254 0000  0.0011283%    0.0082648%   4.3411e-005    -1.6439    0.968
      1000
      1100
      1110

   14 0000  0.0011283%     0.011729%   5.4875e-005    -1.9319    0.991
      0000
      0000
      1110

17038 0100  0.0011283%    0.0024617%   1.8265e-005   -0.73002    0.613
      0010
      1000
      1110

 2766 0000  0.0011283%    0.0038488%   2.3967e-005    -1.1351    0.813
      1010
      1100
      1110

16920 0100  0.0011283%    0.0061136%   3.2717e-005    -1.5237    0.941
      0010
      0001
      1000

