FANMOD 1.1 subgraph enumeration
-------------------------------

Network name: D:\Projects\Graduation Project\Pycode\city_motif_3\city_motif_network_3.txt
Network type: Directed
Number of nodes: 359
Number of edges: 19300
Number of single edges: 5467
Number of mutual edges: 13833

Algorithm: enumeration
Subgraph size: 4

Generated 1000 random networks
   with locally constant number of bidirectional edges,
   3 exchanges per edge and 3 tries per edge.

170638460 subgraphs were enumerated in the original network.
194714389604 subgraphs were enumerated in the random networks.
194885028064 subgraphs were enumerated in all networks.

For the random networks: 157147116 tries were made, 12826428 were successful.
Randomization took 239.62 seconds.
Enumeration took 376230 seconds.


Result overview:

   ID  Adj   Frequency     Mean-Freq  Standard-Dev    Z-Score  p-Value
            [Original]      [Random]      [Random]

 4382 0001     16.296%       25.392%     0.0083514    -10.892        1
      0001
      0001
      1110

 4958 0001     12.769%       6.0426%     0.0068596     9.8052        0
      0011
      0101
      1110

 4510 0001      6.618%       9.8288%     0.0042067    -7.6325    0.999
      0001
      1001
      1110

13278 0011     5.3613%       4.3677%     0.0016322     6.0873    0.003
      0011
      1101
      1110

  286 0000     4.8957%       3.6314%       0.00153     8.2635    0.001
      0001
      0001
      1110

 4380 0001     4.1125%       3.0616%     0.0013312     7.8946    0.002
      0001
      0001
      1100

 8598 0010     3.3365%       6.1275%     0.0021944    -12.719        1
      0001
      1001
      0110

 9182 0010     3.0424%       1.3074%     0.0017004     10.203        0
      0011
      1101
      1110

13214 0011     2.8992%       1.2135%     0.0016171     10.424        0
      0011
      1001
      1110

  862 0000     2.2772%      0.55491%     0.0010479     16.435        0
      0011
      0101
      1110

31710 0111     2.2447%      0.41477%    0.00094142     19.438        0
      1011
      1101
      1110

 4492 0001     2.2142%       2.9484%    0.00020646    -35.561        1
      0001
      1000
      1100

  602 0000     2.2027%       2.9524%     0.0001863    -40.241        1
      0010
      0101
      1010

17238 0100     2.0852%      0.52075%    0.00091293     17.136        0
      0011
      0101
      0110

27614 0110     2.0429%       1.2182%    0.00063977     12.891        0
      1011
      1101
      1110

 8588 0010      1.715%      0.35178%     0.0012507     10.899        0
      0001
      1000
      1100

 8606 0010     1.5921%       2.7027%    0.00089859    -12.359        1
      0001
      1001
      1110

  284 0000     1.5921%      0.91667%    0.00052432     12.881        0
      0001
      0001
      1100

19030 0100     1.4128%       2.2763%    0.00059912    -14.414        1
      1010
      0101
      0110

  350 0000    0.97158%      0.57557%    0.00020652     19.175        0
      0001
      0101
      1110

 4438 0001     0.8704%      0.52729%    0.00016638     20.622        0
      0001
      0101
      0110

   30 0000     0.8638%      0.49145%    0.00028385     13.118        0
      0000
      0001
      1110

18568 0100    0.75661%      0.43887%    0.00025153     12.632        0
      1000
      1000
      1000

  332 0000    0.70472%      0.55921%    0.00026245     5.5443    0.007
      0001
      0100
      1100

 6494 0001    0.62282%       1.0421%    0.00067476    -6.2141    0.996
      1001
      0101
      1110

  396 0000    0.58492%      0.39586%      0.000195      9.695        0
      0001
      1000
      1100

  390 0000    0.57203%      0.39507%    0.00018919     9.3533        0
      0001
      1000
      0110

10372 0010    0.57186%      0.37483%    0.00021204     9.2917        0
      1000
      1000
      0100

  588 0000    0.57087%      0.37644%     0.0002053     9.4704        0
      0010
      0100
      1100

  414 0000    0.50827%      0.42098%    0.00019605     4.4521    0.013
      0001
      1001
      1110

 4494 0001    0.50517%      0.43011%    0.00017968     4.1771    0.014
      0001
      1000
      1110

25566 0110    0.48639%      0.19437%    0.00025022     11.671        0
      0011
      1101
      1110

17246 0100    0.47107%      0.12126%    0.00022324      15.67        0
      0011
      0101
      1110

  606 0000    0.44802%      0.51112%   8.2716e-005     -7.629    0.997
      0010
      0101
      1110

 8906 0010    0.44204%      0.36197%    0.00017742     4.5134    0.013
      0010
      1100
      1010

 4694 0001    0.44037%      0.47495%   6.4032e-005       -5.4    0.995
      0010
      0101
      0110

 4442 0001    0.43975%      0.35659%    0.00018084     4.5989    0.012
      0001
      0101
      1010

16982 0100    0.42656%      0.47354%   6.4181e-005     -7.321    0.997
      0010
      0101
      0110

  858 0000    0.42135%      0.49853%   8.9985e-005    -8.5776    0.998
      0011
      0101
      1010

18504 0100    0.35618%      0.27395%    0.00013728     5.9907    0.005
      1000
      0100
      1000

  150 0000    0.34852%      0.28375%    0.00012844      5.042    0.008
      0000
      1001
      0110

19034 0100    0.33232%      0.85983%    0.00024475    -21.553        1
      1010
      0101
      1010

 4574 0001    0.31514%      0.52969%    0.00035047    -6.1218    0.996
      0001
      1101
      1110

 6558 0001    0.31432%      0.52183%    0.00033698     -6.158    0.995
      1001
      1001
      1110

18782 0100    0.27019%      0.27704%   4.5305e-005    -1.5126    0.942
      1001
      0101
      1110

 4810 0001    0.26077%     0.045756%    0.00021195     10.145        0
      0010
      1100
      1010

19422 0100     0.2543%      0.10884%    0.00012657     11.493        0
      1011
      1101
      1110

  990 0000     0.2537%      0.06811%    0.00012376     14.996        0
      0011
      1101
      1110

23006 0101    0.23463%     0.087011%    0.00012913     11.432        0
      1001
      1101
      1110

27340 0110    0.22558%     0.054685%    0.00010107     16.908        0
      1010
      1100
      1100

  392 0000    0.19035%      0.25341%    6.882e-005    -9.1634        1
      0001
      1000
      1000

  140 0000    0.18803%      0.25356%   7.2262e-005    -9.0683        1
      0000
      1000
      1100

  536 0000    0.18497%      0.25124%    7.044e-005    -9.4085        1
      0010
      0001
      1000

   74 0000    0.18354%      0.25161%   7.4796e-005    -9.1012        1
      0000
      0100
      1010

   28 0000    0.18076%      0.17992%   2.9239e-005    0.28868    0.428
      0000
      0001
      1100

13262 0011    0.18045%       3.1794%     0.0033909    -8.8441        1
      0011
      1100
      1110

 2116 0000    0.17693%      0.18152%    2.927e-005     -1.566    0.949
      1000
      0100
      0100

 8670 0010      0.146%      0.14838%    2.978e-005   -0.79938     0.79
      0001
      1101
      1110

 4686 0001    0.12926%     0.024556%    0.00011295     9.2699        0
      0010
      0100
      1110

  158 0000    0.12858%      0.06874%   4.9602e-005     12.064        0
      0000
      1001
      1110

18518 0100    0.12845%     0.021723%     0.0001021     10.453        0
      1000
      0101
      0110

  334 0000    0.12762%     0.068602%   4.8055e-005     12.282        0
      0001
      0100
      1110

  666 0000    0.12502%     0.064838%   4.7819e-005     12.585        0
      0010
      1001
      1010

27084 0110    0.12488%        0.127%   2.7365e-005   -0.77492    0.787
      1001
      1100
      1100

16668 0100    0.12386%     0.064232%     4.69e-005     12.713        0
      0001
      0001
      1100

 6284 0001    0.11944%     0.062511%   4.5758e-005     12.442        0
      1000
      1000
      1100

  662 0000    0.11888%     0.064601%   4.6711e-005      11.62        0
      0010
      1001
      0110

18572 0100    0.11881%     0.061785%   4.6315e-005     12.314        0
      1000
      1000
      1100

  710 0000    0.11874%     0.064297%   4.6773e-005     11.639        0
      0010
      1100
      0110

18846 0100    0.11688%      0.21114%   6.5881e-005    -14.308        1
      1001
      1001
      1110

27030 0110    0.11642%       2.5662%     0.0030419    -8.0536        1
      1001
      1001
      0110

 5070 0001    0.11415%      0.22747%   6.5072e-005    -17.415        1
      0011
      1100
      1110

16986 0100    0.11024%      0.21013%   2.8729e-005    -34.771        1
      0010
      0101
      1010

15052 0011    0.10996%      0.17968%   7.1378e-005    -9.7676        1
      1010
      1100
      1100

19038 0100    0.10545%      0.19408%   7.6984e-005    -11.513        1
      1010
      0101
      1110

  398 0000   0.084409%     0.066973%   2.4634e-005     7.0779        0
      0001
      1000
      1110

10974 0010   0.083956%      0.21019%    0.00019736    -6.3964    0.997
      1010
      1101
      1110

16780 0100   0.083079%     0.041523%   3.6154e-005     11.494        0
      0001
      1000
      1100

  604 0000     0.0806%     0.041857%   3.5758e-005     10.835        0
      0010
      0101
      1100

 4636 0001   0.079836%     0.058246%   2.7738e-005     7.7838        0
      0010
      0001
      1100

  714 0000   0.079268%     0.058853%   2.7343e-005     7.4662        0
      0010
      1100
      1010

  734 0000    0.07663%     0.048083%   2.2736e-005     12.556        0
      0010
      1101
      1110

10380 0010   0.076392%      0.05277%   3.0094e-005     7.8493        0
      1000
      1000
      1100

 6302 0001   0.074513%     0.045999%   2.2257e-005     12.811        0
      1000
      1001
      1110

 2398 0000   0.074307%     0.047133%   2.2091e-005     12.301        0
      1001
      0101
      1110

 4766 0001   0.074062%     0.046108%   2.2595e-005     12.372        0
      0010
      1001
      1110

 8862 0010   0.069504%     0.044903%   1.8777e-005     13.101        0
      0010
      1001
      1110

19142 0100   0.069101%     0.042625%   2.0299e-005     13.043        0
      1010
      1100
      0110

19148 0100    0.06859%     0.042493%     1.96e-005     13.315        0
      1010
      1100
      1100

17244 0100   0.067664%     0.043935%   1.8113e-005       13.1        0
      0011
      0101
      1100

27102 0110   0.064127%       0.5204%    0.00051794    -8.8093        1
      1001
      1101
      1110

   14 0000    0.06254%     0.060656%   1.1226e-005     1.6781    0.013
      0000
      0000
      1110

 2184 0000   0.059076%     0.061713%   1.0965e-005    -2.4047    0.972
      1000
      1000
      1000

  972 0000   0.056292%      0.10925%   2.2461e-005    -23.578        1
      0011
      1100
      1100

 8908 0010   0.055514%      0.10224%   1.6375e-005    -28.534        1
      0010
      1100
      1100

 8652 0010   0.055381%     0.014847%   5.8928e-005     6.8786    0.004
      0001
      1100
      1100

18582 0100   0.055246%     0.014804%   5.8961e-005     6.8591    0.004
      1000
      1001
      0110

 2202 0000   0.042277%     0.021379%   1.7797e-005     11.742        0
      1000
      1001
      1010

 2134 0000   0.040908%     0.021368%    1.779e-005     10.984        0
      1000
      0101
      0110

  590 0000   0.039773%     0.020745%   1.9304e-005     9.8568        0
      0010
      0100
      1110

18460 0100   0.039679%      0.02016%    1.941e-005     10.056        0
      1000
      0001
      1100

17374 0100   0.035814%    0.0084522%   1.8132e-005     15.091        0
      0011
      1101
      1110

 8844 0010    0.03563%     0.029701%   1.8482e-005     3.2082    0.023
      0010
      1000
      1100

  716 0000   0.035477%     0.030861%   1.7463e-005     2.6429    0.028
      0010
      1100
      1100

 2198 0000   0.035389%      0.03159%   1.7161e-005     2.2139    0.039
      1000
      1001
      0110

 4748 0001   0.034915%     0.030631%   1.7465e-005     2.4533    0.034
      0010
      1000
      1100

16798 0100   0.034873%     0.034295%   1.8938e-005    0.30474    0.241
      0001
      1001
      1110

 6878 0001   0.034114%      0.02833%   1.6961e-005     3.4097    0.022
      1010
      1101
      1110

25438 0110   0.033481%    0.0074932%   1.6745e-005      15.52        0
      0011
      0101
      1110

14942 0011   0.032434%     0.026487%     1.72e-005     3.4576    0.019
      1010
      0101
      1110

19166 0100    0.03237%     0.026272%   1.8659e-005     3.2683    0.021
      1010
      1101
      1110

19036 0100   0.031683%     0.029439%   1.8833e-005      1.192    0.078
      1010
      0101
      1100

  974 0000   0.031637%      0.06472%   2.8499e-005    -11.609        1
      0011
      1100
      1110

10398 0010   0.031438%     0.057737%    2.096e-005    -12.547        1
      1000
      1001
      1110

17302 0100   0.031173%     0.056473%    2.047e-005     -12.36        1
      0011
      1001
      0110

19146 0100   0.030802%      0.05128%   1.6419e-005    -12.472        1
      1010
      1100
      1010

27294 0110   0.030226%     0.024159%   1.9564e-005     3.1011    0.022
      1010
      1001
      1110

19098 0100   0.029496%    0.0042706%   2.5475e-005     9.9018        0
      1010
      1001
      1010

19094 0100   0.029204%    0.0044721%   2.6123e-005     9.4674        0
      1010
      1001
      0110

18590 0100   0.028528%    0.0045387%   2.6684e-005     8.9901    0.001
      1000
      1001
      1110

21406 0101   0.028279%     0.068356%   6.3907e-005    -6.2713    0.996
      0011
      1001
      1110

 4814 0001   0.028175%    0.0047822%   2.7349e-005     8.5533    0.002
      0010
      1100
      1110

10312 0010    0.02362%     0.030858%   1.4145e-005    -5.1172    0.993
      1000
      0100
      1000

  142 0000   0.023578%     0.032585%    1.577e-005    -5.7116    0.994
      0000
      1000
      1110

 2188 0000   0.023435%     0.031227%   1.3824e-005    -5.6365    0.995
      1000
      1000
      1100

 2076 0000   0.023314%     0.031248%   1.4172e-005    -5.5985    0.994
      1000
      0001
      1100

  540 0000   0.023222%     0.031385%   1.5135e-005    -5.3933    0.993
      0010
      0001
      1100

 2124 0000   0.022933%     0.031222%   1.3822e-005    -5.9974    0.995
      1000
      0100
      1100

 2118 0000   0.022817%     0.031301%   1.4588e-005    -5.8155    0.995
      1000
      0100
      0110

  202 0000   0.022569%     0.031794%     1.49e-005    -6.1911    0.996
      0000
      1100
      1010

 2462 0000   0.018145%     0.017228%   9.9316e-006    0.92329    0.095
      1001
      1001
      1110

 4558 0001   0.017047%     0.017321%   9.6261e-006   -0.28557    0.574
      0001
      1100
      1110

17356 0100   0.016585%     0.014933%   9.2774e-006     1.7812     0.04
      0011
      1100
      1100

  670 0000   0.015541%    0.0069861%   6.1737e-006     13.857        0
      0010
      1001
      1110

 8910 0010   0.015443%     0.014917%   1.0201e-005     0.5156    0.164
      0010
      1100
      1110

17094 0100   0.014776%    0.0063447%   5.7917e-006     14.557        0
      0010
      1100
      0110

 3038 0000   0.013043%    0.0031711%   6.7438e-006     14.639        0
      1011
      1101
      1110

27342 0110   0.011162%     0.002239%   5.3321e-006     16.734        0
      1010
      1100
      1110

  652 0000   0.010874%     0.022004%   1.2842e-005     -8.667        1
      0010
      1000
      1100

 2206 0000  0.0087108%     0.005949%    3.754e-006     7.3571        0
      1000
      1001
      1110

 2142 0000   0.008351%    0.0059955%   4.0203e-006      5.859        0
      1000
      0101
      1110

 2458 0000   0.008344%     0.005306%   3.9986e-006     7.5976        0
      1001
      1001
      1010

17046 0100  0.0083246%    0.0052814%   4.1745e-006       7.29        0
      0010
      1001
      0110

 6222 0001  0.0083205%    0.0059692%    3.618e-006      6.499        0
      1000
      0100
      1110

17050 0100  0.0083088%    0.0052796%   4.0856e-006     7.4142        0
      0010
      1001
      1010

 2782 0000  0.0081869%    0.0069752%   3.2151e-006     3.7687    0.002
      1010
      1101
      1110

17100 0100  0.0081787%     0.004861%   4.2399e-006      7.825        0
      0010
      1100
      1100

16838 0100  0.0081711%    0.0048773%   4.2081e-006     7.8271        0
      0001
      1100
      0110

  462 0000  0.0081594%    0.0060901%   3.7879e-006     5.4628        0
      0001
      1100
      1110

 4554 0001  0.0081383%    0.0053013%   4.0564e-006     6.9937        0
      0001
      1100
      1010

17310 0100  0.0081371%    0.0062835%   3.3063e-006     5.6063        0
      0011
      1001
      1110

17118 0100   0.008082%    0.0064166%    3.154e-006     5.2805        0
      0010
      1101
      1110

 8650 0010  0.0080685%    0.0053037%   4.1865e-006     6.6042        0
      0001
      1100
      1010

17098 0100  0.0080304%    0.0052692%   3.9986e-006     6.9054        0
      0010
      1100
      1010

  924 0000  0.0079414%    0.0053648%   4.1273e-006     6.2428    0.002
      0011
      1001
      1100

18634 0100  0.0078874%    0.0048334%   4.4461e-006      6.869        0
      1000
      1100
      1010

18574 0100  0.0078704%     0.004964%   4.3562e-006      6.672        0
      1000
      1000
      1110

  718 0000  0.0077966%     0.005523%   4.1943e-006     5.4207    0.005
      0010
      1100
      1110

 6286 0001  0.0076952%    0.0033782%   2.9671e-006      14.55        0
      1000
      1000
      1110

 6606 0001  0.0075991%    0.0058841%   3.4998e-006     4.9004    0.001
      1001
      1100
      1110

 8538 0010  0.0074919%    0.0032725%   2.9846e-006     14.137        0
      0001
      0101
      1010

 2758 0000   0.007469%     0.003292%   2.9936e-006     13.953        0
      1010
      1100
      0110

17358 0100  0.0074467%    0.0067258%   2.8248e-006     2.5521    0.013
      0011
      1100
      1110

18894 0100   0.007326%    0.0061379%   2.9055e-006     4.0891    0.003
      1001
      1100
      1110

27082 0110  0.0072938%    0.0060049%   2.9825e-006     4.3214    0.001
      1001
      1100
      1010

19150 0100  0.0072235%    0.0056552%   3.5554e-006     4.4108    0.004
      1010
      1100
      1110

19102 0100  0.0059008%   0.00051258%   4.2869e-006     12.569        0
      1010
      1001
      1110

 2182 0000  0.0054718%     0.011004%   6.4151e-006    -8.6235        1
      1000
      1000
      0110

  222 0000  0.0040776%     0.001859%   1.7009e-006     13.044        0
      0000
      1101
      1110

18636 0100  0.0036844%    0.0015309%   1.4778e-006     14.572        0
      1000
      1100
      1100

 6862 0001  0.0029343%   0.00025713%   2.1433e-006     12.491        0
      1010
      1100
      1110

  204 0000  0.0027538%    0.0055693%   3.3979e-006    -8.2861        1
      0000
      1100
      1100

16920 0100  0.0026418%    0.0054296%   3.2005e-006    -8.7102        1
      0010
      0001
      1000

 2204 0000  0.0021273%    0.0044492%   3.7001e-006    -6.2752    0.996
      1000
      1001
      1100

17036 0100  0.0021033%    0.0043724%   3.6083e-006    -6.2887    0.998
      0010
      1000
      1100

16924 0100  0.0020535%    0.0044499%    3.688e-006    -6.4979    0.998
      0010
      0001
      1100

  668 0000  0.0020482%    0.0046217%   3.9021e-006    -6.5951    0.998
      0010
      1001
      1100

 2126 0000  0.0020054%    0.0047477%   4.0959e-006    -6.6953    0.998
      1000
      0100
      1110

 2140 0000  0.0019292%    0.0045286%   3.8055e-006    -6.8305        1
      1000
      0101
      1100

25500 0110  0.0015149%   0.00012601%    1.054e-006     13.178        0
      0011
      1001
      1100

18654 0100  0.0014704%   0.00012899%   1.0852e-006     12.361        0
      1000
      1101
      1110

17054 0100  0.0014575%   0.00092876%   8.3472e-007      6.334        0
      0010
      1001
      1110

 2510 0000  0.0014452%   0.00094107%   8.4993e-007     5.9309        0
      1001
      1100
      1110

17308 0100  0.0014217%   0.00082643%   8.5564e-007     6.9572        0
      0011
      1001
      1100

 6350 0001  0.0014147%   0.00086823%   8.0672e-007     6.7739        0
      1000
      1100
      1110

19100 0100  0.0014018%   0.00076532%   8.6106e-007     7.3918        0
      1010
      1001
      1100

17102 0100  0.0013801%   0.00078377%   8.8156e-007     6.7646        0
      0010
      1100
      1110

 2190 0000  0.0010683%    0.0023282%   2.0038e-006    -6.2872    0.998
      1000
      1000
      1110

 8732 0010  0.0010525%    0.0022285%   2.0236e-006    -5.8114    0.997
      0010
      0001
      1100

 2252 0000  0.0010478%    0.0021872%   1.8462e-006    -6.1716    0.998
      1000
      1100
      1100

  206 0000 0.00098219%    0.0024753%   2.2299e-006    -6.6959    0.998
      0000
      1100
      1110

 2270 0000 0.00076653%   0.00052261%   5.1003e-007     4.7826        0
      1000
      1101
      1110

17306 0100 0.00071438%    0.0004136%   4.7033e-007     6.3949        0
      0011
      1001
      1010

 2766 0000 0.00071145%      0.00043%    4.675e-007     6.0202        0
      1010
      1100
      1110

18638 0100 0.00069386%   0.00035919%   4.8437e-007     6.9095        0
      1000
      1100
      1110

 2254 0000 0.00027719%    0.0012257%   1.5895e-006    -5.9671    0.998
      1000
      1100
      1110

16842 0100 0.00027426%    0.0011586%   1.4706e-006     -6.013    0.998
      0001
      1100
      1010

17038 0100 9.611e-005%   0.00039807%   5.1225e-007    -5.8947    0.999
      0010
      1000
      1110

 2716 0000 9.4352e-005%   0.00039509%   5.0982e-007    -5.8991    0.998
      1010
      1001
      1100

